<?xml version="1.0" encoding="UTF-8"?>
<!-- Generated by org.testng.reporters.JUnitReportReporter -->
<testsuite hostname="HP-PC" failures="0" tests="1" name="WebDriverListener.MyTestListener" time="46.177" errors="0" timestamp="2021-04-26T16:13:19 IST" skipped="0">
  <testcase classname="WebDriverListener.MyTestListener" name="UnderstandListener" time="46.177"/>
  <system-out/>
</testsuite> <!-- WebDriverListener.MyTestListener -->
